<?xml version="1.0" encoding="UTF-8"?>
<coverage generated="1706829394610" clover="3.2.0">
  <project timestamp="1706829394610" name="All files">
    <metrics statements="167" coveredstatements="119" conditionals="62" coveredconditionals="42" methods="32" coveredmethods="21" elements="261" coveredelements="182" complexity="0" loc="167" ncloc="167" packages="2" files="3" classes="3"/>
    <package name="utils">
      <metrics statements="98" coveredstatements="76" conditionals="42" coveredconditionals="35" methods="17" coveredmethods="13"/>
      <file name="global.ts" path="/Users/alippold/github/mitre/saf/src/utils/global.ts">
        <metrics statements="68" coveredstatements="68" conditionals="31" coveredconditionals="31" methods="11" coveredmethods="11"/>
        <line num="1" count="7" type="stmt"/>
        <line num="3" count="7" type="stmt"/>
        <line num="4" count="7" type="stmt"/>
        <line num="6" count="7" type="stmt"/>
        <line num="7" count="7" type="stmt"/>
        <line num="27" count="7" type="stmt"/>
        <line num="34" count="7" type="stmt"/>
        <line num="46" count="7" type="stmt"/>
        <line num="47" count="2" type="cond" truecount="1" falsecount="0"/>
        <line num="48" count="1" type="stmt"/>
        <line num="51" count="1" type="stmt"/>
        <line num="64" count="7" type="stmt"/>
        <line num="65" count="6" type="stmt"/>
        <line num="82" count="7" type="stmt"/>
        <line num="83" count="1" type="stmt"/>
        <line num="84" count="1" type="stmt"/>
        <line num="85" count="1" type="stmt"/>
        <line num="86" count="1" type="stmt"/>
        <line num="88" count="1" type="stmt"/>
        <line num="90" count="13" type="stmt"/>
        <line num="93" count="1" type="stmt"/>
        <line num="108" count="7" type="stmt"/>
        <line num="110" count="2" type="stmt"/>
        <line num="111" count="2" type="stmt"/>
        <line num="113" count="1" type="stmt"/>
        <line num="116" count="2" type="stmt"/>
        <line num="132" count="7" type="stmt"/>
        <line num="133" count="5" type="stmt"/>
        <line num="135" count="5" type="cond" truecount="2" falsecount="0"/>
        <line num="136" count="4" type="cond" truecount="2" falsecount="0"/>
        <line num="138" count="1" type="stmt"/>
        <line num="141" count="5" type="stmt"/>
        <line num="164" count="7" type="stmt"/>
        <line num="166" count="4" type="cond" truecount="1" falsecount="0"/>
        <line num="167" count="1" type="stmt"/>
        <line num="170" count="3" type="cond" truecount="1" falsecount="0"/>
        <line num="171" count="3" type="cond" truecount="2" falsecount="0"/>
        <line num="172" count="2" type="stmt"/>
        <line num="175" count="1" type="cond" truecount="1" falsecount="0"/>
        <line num="176" count="1" type="stmt"/>
        <line num="205" count="7" type="stmt"/>
        <line num="206" count="5" type="stmt"/>
        <line num="208" count="5" type="cond" truecount="2" falsecount="0"/>
        <line num="210" count="5" type="cond" truecount="3" falsecount="0"/>
        <line num="211" count="2" type="stmt"/>
        <line num="214" count="3" type="stmt"/>
        <line num="216" count="3" type="cond" truecount="1" falsecount="0"/>
        <line num="217" count="3" type="stmt"/>
        <line num="220" count="3" type="cond" truecount="1" falsecount="0"/>
        <line num="221" count="3" type="stmt"/>
        <line num="224" count="3" type="cond" truecount="1" falsecount="0"/>
        <line num="225" count="3" type="stmt"/>
        <line num="228" count="3" type="cond" truecount="1" falsecount="0"/>
        <line num="229" count="3" type="stmt"/>
        <line num="232" count="3" type="cond" truecount="1" falsecount="0"/>
        <line num="233" count="1" type="stmt"/>
        <line num="236" count="3" type="cond" truecount="3" falsecount="0"/>
        <line num="237" count="3" type="stmt"/>
        <line num="240" count="3" type="stmt"/>
        <line num="264" count="7" type="stmt"/>
        <line num="268" count="6" type="cond" truecount="1" falsecount="0"/>
        <line num="269" count="4" type="stmt"/>
        <line num="270" count="3" type="cond" truecount="2" falsecount="0"/>
        <line num="273" count="3" type="cond" truecount="2" falsecount="0"/>
        <line num="298" count="7" type="stmt"/>
        <line num="299" count="3" type="stmt"/>
        <line num="300" count="3" type="cond" truecount="1" falsecount="0"/>
        <line num="301" count="2" type="cond" truecount="2" falsecount="0"/>
      </file>
      <file name="logging.ts" path="/Users/alippold/github/mitre/saf/src/utils/logging.ts">
        <metrics statements="30" coveredstatements="8" conditionals="11" coveredconditionals="4" methods="6" coveredmethods="2"/>
        <line num="1" count="2" type="stmt"/>
        <line num="3" count="2" type="stmt"/>
        <line num="31" count="2" type="cond" truecount="1" falsecount="0"/>
        <line num="32" count="2" type="stmt"/>
        <line num="36" count="2" type="cond" truecount="3" falsecount="1"/>
        <line num="37" count="0" type="stmt"/>
        <line num="40" count="2" type="stmt"/>
        <line num="48" count="520" type="stmt"/>
        <line num="60" count="2" type="stmt"/>
        <line num="61" count="0" type="stmt"/>
        <line num="62" count="0" type="stmt"/>
        <line num="71" count="0" type="stmt"/>
        <line num="72" count="0" type="stmt"/>
        <line num="73" count="0" type="stmt"/>
        <line num="75" count="0" type="stmt"/>
        <line num="76" count="0" type="stmt"/>
        <line num="78" count="0" type="stmt"/>
        <line num="79" count="0" type="cond" truecount="0" falsecount="6"/>
        <line num="81" count="0" type="stmt"/>
        <line num="82" count="0" type="stmt"/>
        <line num="86" count="0" type="stmt"/>
        <line num="87" count="0" type="stmt"/>
        <line num="91" count="0" type="stmt"/>
        <line num="92" count="0" type="stmt"/>
        <line num="96" count="0" type="stmt"/>
        <line num="97" count="0" type="stmt"/>
        <line num="101" count="0" type="stmt"/>
        <line num="102" count="0" type="stmt"/>
        <line num="108" count="0" type="stmt"/>
        <line num="109" count="0" type="stmt"/>
      </file>
    </package>
    <package name="utils.ohdf">
      <metrics statements="69" coveredstatements="43" conditionals="20" coveredconditionals="7" methods="15" coveredmethods="8"/>
      <file name="outputGenerator.ts" path="/Users/alippold/github/mitre/saf/src/utils/ohdf/outputGenerator.ts">
        <metrics statements="69" coveredstatements="43" conditionals="20" coveredconditionals="7" methods="15" coveredmethods="8"/>
        <line num="2" count="1" type="stmt"/>
        <line num="3" count="1" type="stmt"/>
        <line num="4" count="1" type="stmt"/>
        <line num="5" count="1" type="stmt"/>
        <line num="6" count="1" type="stmt"/>
        <line num="8" count="1" type="stmt"/>
        <line num="16" count="1" type="stmt"/>
        <line num="18" count="1" type="stmt"/>
        <line num="19" count="1" type="stmt"/>
        <line num="21" count="1" type="stmt"/>
        <line num="54" count="1" type="stmt"/>
        <line num="55" count="0" type="stmt"/>
        <line num="56" count="0" type="stmt"/>
        <line num="57" count="0" type="cond" truecount="0" falsecount="3"/>
        <line num="59" count="0" type="cond" truecount="0" falsecount="2"/>
        <line num="60" count="0" type="stmt"/>
        <line num="64" count="0" type="cond" truecount="0" falsecount="2"/>
        <line num="65" count="0" type="stmt"/>
        <line num="66" count="0" type="stmt"/>
        <line num="70" count="0" type="stmt"/>
        <line num="74" count="0" type="cond" truecount="0" falsecount="1"/>
        <line num="75" count="0" type="stmt"/>
        <line num="78" count="0" type="cond" truecount="0" falsecount="1"/>
        <line num="79" count="0" type="stmt"/>
        <line num="80" count="0" type="stmt"/>
        <line num="81" count="0" type="stmt"/>
        <line num="83" count="0" type="stmt"/>
        <line num="105" count="1" type="stmt"/>
        <line num="111" count="0" type="stmt"/>
        <line num="112" count="0" type="stmt"/>
        <line num="135" count="1" type="stmt"/>
        <line num="136" count="0" type="stmt"/>
        <line num="137" count="0" type="stmt"/>
        <line num="138" count="0" type="stmt"/>
        <line num="140" count="0" type="stmt"/>
        <line num="160" count="1" type="stmt"/>
        <line num="161" count="130" type="stmt"/>
        <line num="162" count="130" type="stmt"/>
        <line num="163" count="130" type="stmt"/>
        <line num="165" count="130" type="stmt"/>
        <line num="167" count="130" type="stmt"/>
        <line num="169" count="130" type="cond" truecount="3" falsecount="0"/>
        <line num="170" count="109" type="stmt"/>
        <line num="173" count="21" type="stmt"/>
        <line num="189" count="1" type="stmt"/>
        <line num="190" count="130" type="stmt"/>
        <line num="206" count="1" type="stmt"/>
        <line num="207" count="0" type="stmt"/>
        <line num="208" count="0" type="stmt"/>
        <line num="209" count="0" type="cond" truecount="0" falsecount="2"/>
        <line num="210" count="0" type="stmt"/>
        <line num="225" count="1" type="stmt"/>
        <line num="226" count="30" type="stmt"/>
        <line num="243" count="1" type="stmt"/>
        <line num="244" count="28" type="stmt"/>
        <line num="245" count="28" type="cond" truecount="1" falsecount="0"/>
        <line num="246" count="6" type="stmt"/>
        <line num="249" count="22" type="cond" truecount="1" falsecount="0"/>
        <line num="250" count="6" type="stmt"/>
        <line num="253" count="16" type="stmt"/>
        <line num="273" count="1" type="stmt"/>
        <line num="274" count="5" type="stmt"/>
        <line num="275" count="25" type="stmt"/>
        <line num="277" count="25" type="stmt"/>
        <line num="279" count="5" type="stmt"/>
        <line num="283" count="5" type="stmt"/>
        <line num="286" count="5" type="cond" truecount="1" falsecount="1"/>
        <line num="287" count="5" type="cond" truecount="1" falsecount="1"/>
        <line num="288" count="5" type="stmt"/>
      </file>
    </package>
  </project>
</coverage>
