TN:
SF:src/utils/global.ts
FN:46,checkSuffix
FN:64,convertFullPathToFilename
FN:82,dataURLtoU8Array
FN:108,getInstalledPath
FN:132,arrayNeededPaths
FN:164,extractValueViaPathOrNumber
FN:171,(anonymous_6)
FN:205,getProfileInfo
FN:264,getDescription
FN:269,(anonymous_9)
FN:298,checkInput
FNF:11
FNH:11
FNDA:2,checkSuffix
FNDA:6,convertFullPathToFilename
FNDA:1,dataURLtoU8Array
FNDA:2,getInstalledPath
FNDA:5,arrayNeededPaths
FNDA:4,extractValueViaPathOrNumber
FNDA:3,(anonymous_6)
FNDA:5,getProfileInfo
FNDA:6,getDescription
FNDA:4,(anonymous_9)
FNDA:3,checkInput
DA:1,7
DA:3,7
DA:4,7
DA:6,7
DA:7,7
DA:27,7
DA:34,7
DA:46,7
DA:47,2
DA:48,1
DA:51,1
DA:64,7
DA:65,6
DA:82,7
DA:83,1
DA:84,1
DA:85,1
DA:86,1
DA:88,1
DA:90,13
DA:93,1
DA:108,7
DA:110,2
DA:111,2
DA:113,1
DA:116,2
DA:132,7
DA:133,5
DA:135,5
DA:136,4
DA:138,1
DA:141,5
DA:164,7
DA:166,4
DA:167,1
DA:170,3
DA:171,3
DA:172,2
DA:175,1
DA:176,1
DA:205,7
DA:206,5
DA:208,5
DA:210,5
DA:211,2
DA:214,3
DA:216,3
DA:217,3
DA:220,3
DA:221,3
DA:224,3
DA:225,3
DA:228,3
DA:229,3
DA:232,3
DA:233,1
DA:236,3
DA:237,3
DA:240,3
DA:264,7
DA:268,6
DA:269,4
DA:270,3
DA:273,3
DA:298,7
DA:299,3
DA:300,3
DA:301,2
LF:68
LH:68
BRDA:47,0,0,1
BRDA:135,1,0,4
BRDA:135,1,1,1
BRDA:136,2,0,1
BRDA:136,2,1,3
BRDA:166,3,0,1
BRDA:170,4,0,2
BRDA:171,5,0,2
BRDA:171,5,1,1
BRDA:175,6,0,1
BRDA:208,7,0,3
BRDA:208,7,1,2
BRDA:210,8,0,2
BRDA:210,9,0,5
BRDA:210,9,1,4
BRDA:216,10,0,3
BRDA:220,11,0,3
BRDA:224,12,0,3
BRDA:228,13,0,3
BRDA:232,14,0,1
BRDA:236,15,0,3
BRDA:236,16,0,3
BRDA:236,16,1,3
BRDA:268,17,0,3
BRDA:270,18,0,2
BRDA:270,18,1,1
BRDA:273,19,0,3
BRDA:273,19,1,1
BRDA:300,20,0,2
BRDA:301,21,0,2
BRDA:301,21,1,1
BRF:31
BRH:31
end_of_record
TN:
SF:src/utils/logging.ts
FN:31,createWinstonLogger
FN:48,(anonymous_1)
FN:60,getHDFSummary
FN:72,(anonymous_3)
FN:76,(anonymous_4)
FN:78,(anonymous_5)
FNF:6
FNH:2
FNDA:2,createWinstonLogger
FNDA:520,(anonymous_1)
FNDA:0,getHDFSummary
FNDA:0,(anonymous_3)
FNDA:0,(anonymous_4)
FNDA:0,(anonymous_5)
DA:1,2
DA:3,2
DA:31,2
DA:32,2
DA:36,2
DA:37,0
DA:40,2
DA:48,520
DA:60,2
DA:61,0
DA:62,0
DA:71,0
DA:72,0
DA:73,0
DA:75,0
DA:76,0
DA:78,0
DA:79,0
DA:81,0
DA:82,0
DA:86,0
DA:87,0
DA:91,0
DA:92,0
DA:96,0
DA:97,0
DA:101,0
DA:102,0
DA:108,0
DA:109,0
LF:30
LH:8
BRDA:31,0,0,1
BRDA:36,1,0,0
BRDA:36,2,0,2
BRDA:36,2,1,2
BRDA:36,2,2,2
BRDA:79,3,0,0
BRDA:79,3,1,0
BRDA:79,3,2,0
BRDA:79,3,3,0
BRDA:79,3,4,0
BRDA:79,3,5,0
BRF:11
BRH:4
end_of_record
TN:
SF:src/utils/ohdf/outputGenerator.ts
FN:54,printAndWriteOutput
FN:105,createPrintableSummary
FN:135,extractResultSets
FN:137,(anonymous_3)
FN:139,(anonymous_4)
FN:160,generateValue
FN:189,generateMarkdownTableRow
FN:190,(anonymous_7)
FN:206,convertToMarkdown
FN:209,(anonymous_9)
FN:225,prettyPrintRowTitle
FN:243,prettyPrintColumnTitle
FN:273,generateMarkdownTable
FN:275,(anonymous_13)
FN:277,(anonymous_14)
FNF:15
FNH:8
FNDA:0,printAndWriteOutput
FNDA:0,createPrintableSummary
FNDA:0,extractResultSets
FNDA:0,(anonymous_3)
FNDA:0,(anonymous_4)
FNDA:130,generateValue
FNDA:26,generateMarkdownTableRow
FNDA:130,(anonymous_7)
FNDA:0,convertToMarkdown
FNDA:0,(anonymous_9)
FNDA:30,prettyPrintRowTitle
FNDA:28,prettyPrintColumnTitle
FNDA:5,generateMarkdownTable
FNDA:25,(anonymous_13)
FNDA:25,(anonymous_14)
DA:2,1
DA:3,1
DA:4,1
DA:5,1
DA:6,1
DA:8,1
DA:16,1
DA:18,1
DA:19,1
DA:21,1
DA:54,1
DA:55,0
DA:56,0
DA:57,0
DA:59,0
DA:60,0
DA:64,0
DA:65,0
DA:66,0
DA:70,0
DA:74,0
DA:75,0
DA:78,0
DA:79,0
DA:80,0
DA:81,0
DA:83,0
DA:105,1
DA:111,0
DA:112,0
DA:135,1
DA:136,0
DA:137,0
DA:138,0
DA:140,0
DA:160,1
DA:161,130
DA:162,130
DA:163,130
DA:165,130
DA:167,130
DA:169,130
DA:170,109
DA:173,21
DA:189,1
DA:190,130
DA:206,1
DA:207,0
DA:208,0
DA:209,0
DA:210,0
DA:225,1
DA:226,30
DA:243,1
DA:244,28
DA:245,28
DA:246,6
DA:249,22
DA:250,6
DA:253,16
DA:273,1
DA:274,5
DA:275,25
DA:277,25
DA:279,5
DA:283,5
DA:286,5
DA:287,5
DA:288,5
LF:69
LH:43
BRDA:57,0,0,0
BRDA:57,0,1,0
BRDA:57,0,2,0
BRDA:59,1,0,0
BRDA:59,1,1,0
BRDA:64,2,0,0
BRDA:64,2,1,0
BRDA:74,3,0,0
BRDA:78,4,0,0
BRDA:169,5,0,109
BRDA:169,6,0,130
BRDA:169,6,1,130
BRDA:209,7,0,0
BRDA:209,7,1,0
BRDA:245,8,0,6
BRDA:249,9,0,6
BRDA:286,10,0,5
BRDA:286,10,1,0
BRDA:287,11,0,5
BRDA:287,11,1,0
BRF:20
BRH:7
end_of_record
