TN:
SF:src/utils/global.ts
FN:45,checkSuffix
FN:63,convertFullPathToFilename
FN:81,dataURLtoU8Array
FN:107,getInstalledPath
FN:131,arrayNeededPaths
FN:155,extractValueViaPathOrNumber
FN:162,(anonymous_6)
FN:192,getProfileInfo
FN:251,getDescription
FN:256,(anonymous_9)
FN:285,checkInput
FNF:11
FNH:11
FNDA:2,checkSuffix
FNDA:6,convertFullPathToFilename
FNDA:1,dataURLtoU8Array
FNDA:2,getInstalledPath
FNDA:5,arrayNeededPaths
FNDA:4,extractValueViaPathOrNumber
FNDA:3,(anonymous_6)
FNDA:5,getProfileInfo
FNDA:6,getDescription
FNDA:4,(anonymous_9)
FNDA:3,checkInput
DA:1,7
DA:2,7
DA:3,7
DA:5,7
DA:6,7
DA:26,7
DA:33,7
DA:45,7
DA:46,2
DA:47,1
DA:50,1
DA:63,7
DA:64,6
DA:81,7
DA:82,1
DA:83,1
DA:84,1
DA:85,1
DA:87,1
DA:89,13
DA:92,1
DA:107,7
DA:109,2
DA:110,2
DA:112,1
DA:115,2
DA:131,7
DA:132,5
DA:155,7
DA:157,4
DA:158,1
DA:161,3
DA:162,3
DA:163,2
DA:166,1
DA:167,1
DA:192,7
DA:193,5
DA:195,5
DA:197,5
DA:198,2
DA:201,3
DA:203,3
DA:204,3
DA:207,3
DA:208,3
DA:211,3
DA:212,3
DA:215,3
DA:216,3
DA:219,3
DA:220,1
DA:223,3
DA:224,3
DA:227,3
DA:251,7
DA:255,6
DA:256,4
DA:257,3
DA:260,3
DA:285,7
DA:286,3
DA:287,3
DA:288,2
LF:64
LH:64
BRDA:46,0,0,1
BRDA:132,1,0,4
BRDA:132,1,1,1
BRDA:132,2,0,1
BRDA:132,2,1,3
BRDA:157,3,0,1
BRDA:161,4,0,2
BRDA:162,5,0,2
BRDA:162,5,1,1
BRDA:166,6,0,1
BRDA:195,7,0,3
BRDA:195,7,1,2
BRDA:197,8,0,2
BRDA:197,9,0,5
BRDA:197,9,1,4
BRDA:203,10,0,3
BRDA:207,11,0,3
BRDA:211,12,0,3
BRDA:215,13,0,3
BRDA:219,14,0,1
BRDA:223,15,0,3
BRDA:223,16,0,3
BRDA:223,16,1,3
BRDA:255,17,0,3
BRDA:257,18,0,2
BRDA:257,18,1,1
BRDA:260,19,0,3
BRDA:260,19,1,1
BRDA:287,20,0,2
BRDA:288,21,0,2
BRDA:288,21,1,1
BRF:31
BRH:31
end_of_record
TN:
SF:src/utils/logging.ts
FN:31,createWinstonLogger
FN:48,(anonymous_1)
FN:60,getHDFSummary
FN:72,(anonymous_3)
FN:76,(anonymous_4)
FN:78,(anonymous_5)
FNF:6
FNH:2
FNDA:1,createWinstonLogger
FNDA:520,(anonymous_1)
FNDA:0,getHDFSummary
FNDA:0,(anonymous_3)
FNDA:0,(anonymous_4)
FNDA:0,(anonymous_5)
DA:1,1
DA:3,1
DA:31,1
DA:32,1
DA:36,1
DA:37,0
DA:40,1
DA:48,520
DA:60,1
DA:61,0
DA:62,0
DA:71,0
DA:72,0
DA:73,0
DA:75,0
DA:76,0
DA:78,0
DA:79,0
DA:81,0
DA:82,0
DA:86,0
DA:87,0
DA:91,0
DA:92,0
DA:96,0
DA:97,0
DA:101,0
DA:102,0
DA:108,0
DA:109,0
LF:30
LH:8
BRDA:31,0,0,1
BRDA:36,1,0,0
BRDA:36,2,0,1
BRDA:36,2,1,1
BRDA:36,2,2,1
BRDA:79,3,0,0
BRDA:79,3,1,0
BRDA:79,3,2,0
BRDA:79,3,3,0
BRDA:79,3,4,0
BRDA:79,3,5,0
BRF:11
BRH:4
end_of_record
TN:
SF:src/utils/ohdf/outputGenerator.ts
FN:54,printAndWriteOutput
FN:105,createPrintableSummary
FN:135,extractResultSets
FN:137,(anonymous_3)
FN:139,(anonymous_4)
FN:160,generateValue
FN:189,generateMarkdownTableRow
FN:190,(anonymous_7)
FN:206,convertToMarkdown
FN:209,(anonymous_9)
FN:225,prettyPrintRowTitle
FN:243,prettyPrintColumnTitle
FN:273,generateMarkdownTable
FN:275,(anonymous_13)
FN:277,(anonymous_14)
FNF:15
FNH:8
FNDA:0,printAndWriteOutput
FNDA:0,createPrintableSummary
FNDA:0,extractResultSets
FNDA:0,(anonymous_3)
FNDA:0,(anonymous_4)
FNDA:130,generateValue
FNDA:26,generateMarkdownTableRow
FNDA:130,(anonymous_7)
FNDA:0,convertToMarkdown
FNDA:0,(anonymous_9)
FNDA:30,prettyPrintRowTitle
FNDA:28,prettyPrintColumnTitle
FNDA:5,generateMarkdownTable
FNDA:25,(anonymous_13)
FNDA:25,(anonymous_14)
DA:2,1
DA:3,1
DA:4,1
DA:5,1
DA:6,1
DA:8,1
DA:16,1
DA:18,1
DA:19,1
DA:21,1
DA:54,1
DA:55,0
DA:56,0
DA:57,0
DA:59,0
DA:60,0
DA:64,0
DA:65,0
DA:66,0
DA:70,0
DA:74,0
DA:75,0
DA:78,0
DA:79,0
DA:80,0
DA:81,0
DA:83,0
DA:105,1
DA:111,0
DA:112,0
DA:135,1
DA:136,0
DA:137,0
DA:138,0
DA:140,0
DA:160,1
DA:161,130
DA:162,130
DA:163,130
DA:165,130
DA:167,130
DA:169,130
DA:170,109
DA:173,21
DA:189,1
DA:190,130
DA:206,1
DA:207,0
DA:208,0
DA:209,0
DA:210,0
DA:225,1
DA:226,30
DA:243,1
DA:244,28
DA:245,28
DA:246,6
DA:249,22
DA:250,6
DA:253,16
DA:273,1
DA:274,5
DA:275,25
DA:277,25
DA:279,5
DA:283,5
DA:286,5
DA:287,5
DA:288,5
LF:69
LH:43
BRDA:57,0,0,0
BRDA:57,0,1,0
BRDA:57,0,2,0
BRDA:59,1,0,0
BRDA:59,1,1,0
BRDA:64,2,0,0
BRDA:64,2,1,0
BRDA:74,3,0,0
BRDA:78,4,0,0
BRDA:169,5,0,109
BRDA:169,6,0,130
BRDA:169,6,1,130
BRDA:209,7,0,0
BRDA:209,7,1,0
BRDA:245,8,0,6
BRDA:249,9,0,6
BRDA:286,10,0,5
BRDA:286,10,1,0
BRDA:287,11,0,5
BRDA:287,11,1,0
BRF:20
BRH:7
end_of_record
